Started GET "/" for 127.0.0.1 at 2022-06-28 01:14:31 +0000
  
ActiveRecord::NoDatabaseError (We could not find your database: blog_development. Which can be found in the database configuration file located at config/database.yml.

To resolve this issue:

- Did you create the database for this app, or delete it? You may need to create your database.
- Has the database name changed? Check your database.yml config has the correct database name.

To create your database, run:

        bin/rails db:create
):
  
activerecord (7.0.3) lib/active_record/connection_adapters/postgresql_adapter.rb:81:in `rescue in new_client'
activerecord (7.0.3) lib/active_record/connection_adapters/postgresql_adapter.rb:77:in `new_client'
activerecord (7.0.3) lib/active_record/connection_adapters/postgresql_adapter.rb:37:in `postgresql_connection'
activerecord (7.0.3) lib/active_record/connection_adapters/abstract/connection_pool.rb:656:in `public_send'
activerecord (7.0.3) lib/active_record/connection_adapters/abstract/connection_pool.rb:656:in `new_connection'
activerecord (7.0.3) lib/active_record/connection_adapters/abstract/connection_pool.rb:700:in `checkout_new_connection'
activerecord (7.0.3) lib/active_record/connection_adapters/abstract/connection_pool.rb:679:in `try_to_checkout_new_connection'
activerecord (7.0.3) lib/active_record/connection_adapters/abstract/connection_pool.rb:640:in `acquire_connection'
activerecord (7.0.3) lib/active_record/connection_adapters/abstract/connection_pool.rb:341:in `checkout'
activerecord (7.0.3) lib/active_record/connection_adapters/abstract/connection_pool.rb:181:in `connection'
activerecord (7.0.3) lib/active_record/connection_adapters/abstract/connection_handler.rb:211:in `retrieve_connection'
activerecord (7.0.3) lib/active_record/connection_handling.rb:313:in `retrieve_connection'
activerecord (7.0.3) lib/active_record/connection_handling.rb:280:in `connection'
activerecord (7.0.3) lib/active_record/migration.rb:613:in `connection'
activerecord (7.0.3) lib/active_record/migration.rb:608:in `build_watcher'
activerecord (7.0.3) lib/active_record/migration.rb:590:in `block in call'
activerecord (7.0.3) lib/active_record/migration.rb:589:in `synchronize'
activerecord (7.0.3) lib/active_record/migration.rb:589:in `call'
actionpack (7.0.3) lib/action_dispatch/middleware/callbacks.rb:27:in `block in call'
activesupport (7.0.3) lib/active_support/callbacks.rb:99:in `run_callbacks'
actionpack (7.0.3) lib/action_dispatch/middleware/callbacks.rb:26:in `call'
actionpack (7.0.3) lib/action_dispatch/middleware/executor.rb:14:in `call'
actionpack (7.0.3) lib/action_dispatch/middleware/actionable_exceptions.rb:17:in `call'
actionpack (7.0.3) lib/action_dispatch/middleware/debug_exceptions.rb:28:in `call'
web-console (4.2.0) lib/web_console/middleware.rb:132:in `call_app'
web-console (4.2.0) lib/web_console/middleware.rb:28:in `block in call'
web-console (4.2.0) lib/web_console/middleware.rb:17:in `catch'
web-console (4.2.0) lib/web_console/middleware.rb:17:in `call'
actionpack (7.0.3) lib/action_dispatch/middleware/show_exceptions.rb:26:in `call'
railties (7.0.3) lib/rails/rack/logger.rb:40:in `call_app'
railties (7.0.3) lib/rails/rack/logger.rb:25:in `block in call'
activesupport (7.0.3) lib/active_support/tagged_logging.rb:114:in `block in tagged'
activesupport (7.0.3) lib/active_support/tagged_logging.rb:38:in `tagged'
activesupport (7.0.3) lib/active_support/tagged_logging.rb:114:in `tagged'
railties (7.0.3) lib/rails/rack/logger.rb:25:in `call'
sprockets-rails (3.4.2) lib/sprockets/rails/quiet_assets.rb:13:in `call'
actionpack (7.0.3) lib/action_dispatch/middleware/remote_ip.rb:93:in `call'
actionpack (7.0.3) lib/action_dispatch/middleware/request_id.rb:26:in `call'
rack (2.2.3.1) lib/rack/method_override.rb:24:in `call'
rack (2.2.3.1) lib/rack/runtime.rb:22:in `call'
activesupport (7.0.3) lib/active_support/cache/strategy/local_cache_middleware.rb:29:in `call'
actionpack (7.0.3) lib/action_dispatch/middleware/server_timing.rb:20:in `call'
actionpack (7.0.3) lib/action_dispatch/middleware/executor.rb:14:in `call'
actionpack (7.0.3) lib/action_dispatch/middleware/static.rb:23:in `call'
rack (2.2.3.1) lib/rack/sendfile.rb:110:in `call'
actionpack (7.0.3) lib/action_dispatch/middleware/host_authorization.rb:137:in `call'
railties (7.0.3) lib/rails/engine.rb:530:in `call'
puma (5.6.4) lib/puma/configuration.rb:252:in `call'
puma (5.6.4) lib/puma/request.rb:77:in `block in handle_request'
puma (5.6.4) lib/puma/thread_pool.rb:340:in `with_force_shutdown'
puma (5.6.4) lib/puma/request.rb:76:in `handle_request'
puma (5.6.4) lib/puma/server.rb:441:in `process_client'
puma (5.6.4) lib/puma/thread_pool.rb:147:in `block in spawn_thread'
  [1m[35m (1580.6ms)[0m  [1m[35mCREATE DATABASE "blog_development" ENCODING = 'unicode'[0m
  [1m[35m (29.7ms)[0m  [1m[35mCREATE DATABASE "blog_development" ENCODING = 'unicode'[0m
Started GET "/" for 127.0.0.1 at 2022-06-28 01:24:02 +0000
Processing by Rails::WelcomeController#index as HTML
  Rendering /var/lib/gems/3.0.0/gems/railties-7.0.3/lib/rails/templates/rails/welcome/index.html.erb
  Rendered /var/lib/gems/3.0.0/gems/railties-7.0.3/lib/rails/templates/rails/welcome/index.html.erb (Duration: 2.6ms | Allocations: 734)
Completed 200 OK in 44ms (Views: 6.7ms | ActiveRecord: 0.0ms | Allocations: 6849)


  [1m[35m (2452.3ms)[0m  [1m[35mCREATE TABLE "schema_migrations" ("version" character varying NOT NULL PRIMARY KEY)[0m
  [1m[35m (590.1ms)[0m  [1m[35mCREATE TABLE "ar_internal_metadata" ("key" character varying NOT NULL PRIMARY KEY, "value" character varying, "created_at" timestamp(6) NOT NULL, "updated_at" timestamp(6) NOT NULL)[0m
  [1m[35m (12.1ms)[0m  [1m[34mSELECT pg_try_advisory_lock(892336952976185220)[0m
  [1m[36mActiveRecord::SchemaMigration Pluck (0.6ms)[0m  [1m[34mSELECT "schema_migrations"."version" FROM "schema_migrations" ORDER BY "schema_migrations"."version" ASC[0m
Migrating to CreateCategories (20220628013240)
  [1m[36mTRANSACTION (0.2ms)[0m  [1m[35mBEGIN[0m
  [1m[35m (631.5ms)[0m  [1m[35mCREATE TABLE "categories" ("id" bigserial primary key, "title" character varying, "description" text, "created_at" timestamp(6) NOT NULL, "updated_at" timestamp(6) NOT NULL)[0m
  [1m[36mActiveRecord::SchemaMigration Create (0.5ms)[0m  [1m[32mINSERT INTO "schema_migrations" ("version") VALUES ($1) RETURNING "version"[0m  [["version", "20220628013240"]]
  [1m[36mTRANSACTION (157.7ms)[0m  [1m[35mCOMMIT[0m
Migrating to CreateArticles (20220628013430)
  [1m[36mTRANSACTION (0.3ms)[0m  [1m[35mBEGIN[0m
  [1m[35m (348.4ms)[0m  [1m[35mCREATE TABLE "articles" ("id" bigserial primary key, "title" character varying, "content" text, "categorie_id" bigint NOT NULL, "created_at" timestamp(6) NOT NULL, "updated_at" timestamp(6) NOT NULL, CONSTRAINT "fk_rails_e73033f29c"
FOREIGN KEY ("categorie_id")
  REFERENCES "categories" ("id")
)[0m
  [1m[35m (123.2ms)[0m  [1m[35mCREATE INDEX "index_articles_on_categorie_id" ON "articles" ("categorie_id")[0m
  [1m[36mActiveRecord::SchemaMigration Create (0.3ms)[0m  [1m[32mINSERT INTO "schema_migrations" ("version") VALUES ($1) RETURNING "version"[0m  [["version", "20220628013430"]]
  [1m[36mTRANSACTION (15.3ms)[0m  [1m[35mCOMMIT[0m
  [1m[36mActiveRecord::InternalMetadata Load (0.4ms)[0m  [1m[34mSELECT "ar_internal_metadata".* FROM "ar_internal_metadata" WHERE "ar_internal_metadata"."key" = $1 LIMIT $2[0m  [["key", "environment"], ["LIMIT", 1]]
  [1m[36mTRANSACTION (0.2ms)[0m  [1m[35mBEGIN[0m
  [1m[36mActiveRecord::InternalMetadata Create (0.8ms)[0m  [1m[32mINSERT INTO "ar_internal_metadata" ("key", "value", "created_at", "updated_at") VALUES ($1, $2, $3, $4) RETURNING "key"[0m  [["key", "environment"], ["value", "development"], ["created_at", "2022-06-28 01:38:52.021421"], ["updated_at", "2022-06-28 01:38:52.021421"]]
  [1m[36mTRANSACTION (4.6ms)[0m  [1m[35mCOMMIT[0m
  [1m[35m (0.6ms)[0m  [1m[34mSELECT pg_advisory_unlock(892336952976185220)[0m
  [1m[36mActiveRecord::SchemaMigration Pluck (1.1ms)[0m  [1m[34mSELECT "schema_migrations"."version" FROM "schema_migrations" ORDER BY "schema_migrations"."version" ASC[0m
Started GET "/" for 127.0.0.1 at 2022-06-28 01:42:05 +0000
  [1m[36mActiveRecord::SchemaMigration Pluck (1.1ms)[0m  [1m[34mSELECT "schema_migrations"."version" FROM "schema_migrations" ORDER BY "schema_migrations"."version" ASC[0m
Processing by Rails::WelcomeController#index as HTML
  Rendering /var/lib/gems/3.0.0/gems/railties-7.0.3/lib/rails/templates/rails/welcome/index.html.erb
  Rendered /var/lib/gems/3.0.0/gems/railties-7.0.3/lib/rails/templates/rails/welcome/index.html.erb (Duration: 2.1ms | Allocations: 734)
Completed 200 OK in 195ms (Views: 5.4ms | ActiveRecord: 0.0ms | Allocations: 6463)


Started GET "/categorie" for 127.0.0.1 at 2022-06-28 01:42:23 +0000
  
ActionController::RoutingError (No route matches [GET] "/categorie"):
  
Started GET "/categories" for 127.0.0.1 at 2022-06-28 01:43:03 +0000
Processing by CategoriesController#index as HTML
  Rendering layout layouts/application.html.erb
  Rendering categories/index.html.erb within layouts/application
  [1m[36mCategorie Load (1.0ms)[0m  [1m[34mSELECT "categories".* FROM "categories"[0m
  ↳ app/views/categories/index.html.erb:6
  Rendered categories/index.html.erb within layouts/application (Duration: 27.9ms | Allocations: 1346)
  Rendered layout layouts/application.html.erb (Duration: 2690.6ms | Allocations: 91097)
Completed 200 OK in 2923ms (Views: 2694.4ms | ActiveRecord: 1.0ms | Allocations: 95264)


Started GET "/categories/new" for 127.0.0.1 at 2022-06-28 01:44:00 +0000
Processing by CategoriesController#new as HTML
  Rendering layout layouts/application.html.erb
  Rendering categories/new.html.erb within layouts/application
  Rendered categories/_form.html.erb (Duration: 852.6ms | Allocations: 5771)
  Rendered categories/new.html.erb within layouts/application (Duration: 883.7ms | Allocations: 6139)
  Rendered layout layouts/application.html.erb (Duration: 889.5ms | Allocations: 8461)
Completed 200 OK in 945ms (Views: 891.1ms | ActiveRecord: 21.0ms | Allocations: 18128)


Started POST "/categories" for 127.0.0.1 at 2022-06-28 01:44:55 +0000
Processing by CategoriesController#create as TURBO_STREAM
  Parameters: {"authenticity_token"=>"[FILTERED]", "categorie"=>{"title"=>"programmation", "description"=>"blala balal balala balaa"}, "commit"=>"Create Categorie"}
Completed 400 Bad Request in 2ms (ActiveRecord: 0.0ms | Allocations: 919)


  
ActionController::ParameterMissing (param is missing or the value is empty: category
Did you mean?  categorie):
  
app/controllers/categories_controller.rb:68:in `category_params'
app/controllers/categories_controller.rb:24:in `create'
Started GET "/categories/new" for 127.0.0.1 at 2022-06-28 01:44:56 +0000
Processing by CategoriesController#new as HTML
  Rendering layout layouts/application.html.erb
  Rendering categories/new.html.erb within layouts/application
  Rendered categories/_form.html.erb (Duration: 4.6ms | Allocations: 1104)
  Rendered categories/new.html.erb within layouts/application (Duration: 5.5ms | Allocations: 1208)
  Rendered layout layouts/application.html.erb (Duration: 13.1ms | Allocations: 3525)
Completed 200 OK in 15ms (Views: 14.6ms | ActiveRecord: 0.0ms | Allocations: 3898)


Started GET "/categories" for 127.0.0.1 at 2022-06-28 01:45:00 +0000
Processing by CategoriesController#index as HTML
  Rendering layout layouts/application.html.erb
  Rendering categories/index.html.erb within layouts/application
  [1m[36mCategorie Load (0.4ms)[0m  [1m[34mSELECT "categories".* FROM "categories"[0m
  ↳ app/views/categories/index.html.erb:6
  Rendered categories/index.html.erb within layouts/application (Duration: 4.5ms | Allocations: 832)
  Rendered layout layouts/application.html.erb (Duration: 13.8ms | Allocations: 3049)
Completed 200 OK in 16ms (Views: 15.0ms | ActiveRecord: 0.4ms | Allocations: 3387)


Started GET "/categories/show/1" for 127.0.0.1 at 2022-06-28 01:45:39 +0000
  
ActionController::RoutingError (No route matches [GET] "/categories/show/1"):
  
Started GET "/categories/new" for 127.0.0.1 at 2022-06-28 01:46:23 +0000
Processing by CategoriesController#new as HTML
  Rendering layout layouts/application.html.erb
  Rendering categories/new.html.erb within layouts/application
  Rendered categories/_form.html.erb (Duration: 3.5ms | Allocations: 1036)
  Rendered categories/new.html.erb within layouts/application (Duration: 4.2ms | Allocations: 1138)
  Rendered layout layouts/application.html.erb (Duration: 12.4ms | Allocations: 3342)
Completed 200 OK in 16ms (Views: 14.4ms | ActiveRecord: 0.0ms | Allocations: 3680)


Started POST "/categories" for 127.0.0.1 at 2022-06-28 01:46:51 +0000
Processing by CategoriesController#create as TURBO_STREAM
  Parameters: {"authenticity_token"=>"[FILTERED]", "categorie"=>{"title"=>"Math", "description"=>"bala bala bala bala "}, "commit"=>"Create Categorie"}
Completed 400 Bad Request in 2ms (ActiveRecord: 0.0ms | Allocations: 735)


  
ActionController::ParameterMissing (param is missing or the value is empty: category
Did you mean?  categorie):
  
app/controllers/categories_controller.rb:68:in `category_params'
app/controllers/categories_controller.rb:24:in `create'
Started GET "/categories/new" for 127.0.0.1 at 2022-06-28 01:46:52 +0000
Processing by CategoriesController#new as HTML
  Rendering layout layouts/application.html.erb
  Rendering categories/new.html.erb within layouts/application
  Rendered categories/_form.html.erb (Duration: 5.3ms | Allocations: 1018)
  Rendered categories/new.html.erb within layouts/application (Duration: 6.1ms | Allocations: 1120)
  Rendered layout layouts/application.html.erb (Duration: 14.1ms | Allocations: 3340)
Completed 200 OK in 17ms (Views: 15.7ms | ActiveRecord: 0.0ms | Allocations: 3686)


Started GET "/categories" for 127.0.0.1 at 2022-06-28 01:47:15 +0000
Processing by CategoriesController#index as HTML
  Rendering layout layouts/application.html.erb
  Rendering categories/index.html.erb within layouts/application
  [1m[36mCategorie Load (0.8ms)[0m  [1m[34mSELECT "categories".* FROM "categories"[0m
  ↳ app/views/categories/index.html.erb:6
  Rendered categories/index.html.erb within layouts/application (Duration: 4.6ms | Allocations: 771)
  Rendered layout layouts/application.html.erb (Duration: 11.0ms | Allocations: 2988)
Completed 200 OK in 13ms (Views: 11.4ms | ActiveRecord: 0.8ms | Allocations: 3324)


Started GET "/" for 127.0.0.1 at 2022-06-28 01:57:32 +0000
Processing by CategoriesController#index as HTML
  Rendering layout layouts/application.html.erb
  Rendering categories/index.html.erb within layouts/application
  [1m[36mCategorie Load (0.6ms)[0m  [1m[34mSELECT "categories".* FROM "categories"[0m
  ↳ app/views/categories/index.html.erb:6
  Rendered categories/index.html.erb within layouts/application (Duration: 36.8ms | Allocations: 4123)
  Rendered layout layouts/application.html.erb (Duration: 54.9ms | Allocations: 18073)
Completed 200 OK in 64ms (Views: 57.7ms | ActiveRecord: 8.1ms | Allocations: 20638)


Started GET "/posts" for 127.0.0.1 at 2022-06-28 01:58:06 +0000
  
ActionController::RoutingError (No route matches [GET] "/posts"):
  
Started GET "/article" for 127.0.0.1 at 2022-06-28 01:58:14 +0000
  
ActionController::RoutingError (No route matches [GET] "/article"):
  
Started GET "/articles" for 127.0.0.1 at 2022-06-28 01:58:19 +0000
Processing by ArticlesController#index as HTML
  Rendering layout layouts/application.html.erb
  Rendering articles/index.html.erb within layouts/application
  [1m[36mArticle Load (1.1ms)[0m  [1m[34mSELECT "articles".* FROM "articles"[0m
  ↳ app/views/articles/index.html.erb:6
  Rendered articles/index.html.erb within layouts/application (Duration: 30.8ms | Allocations: 1305)
  Rendered layout layouts/application.html.erb (Duration: 39.9ms | Allocations: 3738)
Completed 200 OK in 187ms (Views: 41.3ms | ActiveRecord: 1.1ms | Allocations: 7173)


Started GET "/articles/new" for 127.0.0.1 at 2022-06-28 01:58:21 +0000
Processing by ArticlesController#new as HTML
  Rendering layout layouts/application.html.erb
  Rendering articles/new.html.erb within layouts/application
  Rendered articles/_form.html.erb (Duration: 44.5ms | Allocations: 1891)
  Rendered articles/new.html.erb within layouts/application (Duration: 110.0ms | Allocations: 2210)
  Rendered layout layouts/application.html.erb (Duration: 115.1ms | Allocations: 4414)
Completed 200 OK in 136ms (Views: 115.9ms | ActiveRecord: 9.3ms | Allocations: 8139)


Started GET "/articles" for 127.0.0.1 at 2022-06-28 01:58:32 +0000
Processing by ArticlesController#index as HTML
  Rendering layout layouts/application.html.erb
  Rendering articles/index.html.erb within layouts/application
  [1m[36mArticle Load (0.4ms)[0m  [1m[34mSELECT "articles".* FROM "articles"[0m
  ↳ app/views/articles/index.html.erb:6
  Rendered articles/index.html.erb within layouts/application (Duration: 4.2ms | Allocations: 768)
  Rendered layout layouts/application.html.erb (Duration: 10.2ms | Allocations: 2985)
Completed 200 OK in 12ms (Views: 10.8ms | ActiveRecord: 0.4ms | Allocations: 3323)


Started GET "/api/v1/categories/index" for 127.0.0.1 at 2022-06-28 05:27:34 +0000
  [1m[36mActiveRecord::SchemaMigration Pluck (99.8ms)[0m  [1m[34mSELECT "schema_migrations"."version" FROM "schema_migrations" ORDER BY "schema_migrations"."version" ASC[0m
Processing by Api::V1::CategoriesController#index as */*
  [1m[36mCategorie Load (247.5ms)[0m  [1m[34mSELECT "categories".* FROM "categories" ORDER BY "categories"."created_at" DESC[0m
  ↳ app/controllers/api/v1/categories_controller.rb:4:in `index'
Completed 200 OK in 941ms (Views: 55.2ms | ActiveRecord: 378.4ms | Allocations: 6898)


Started GET "/api/v1/categories/index" for 127.0.0.1 at 2022-06-28 05:27:39 +0000
Processing by Api::V1::CategoriesController#index as */*
  [1m[36mCategorie Load (1.6ms)[0m  [1m[34mSELECT "categories".* FROM "categories" ORDER BY "categories"."created_at" DESC[0m
  ↳ app/controllers/api/v1/categories_controller.rb:4:in `index'
Completed 200 OK in 13ms (Views: 7.5ms | ActiveRecord: 1.6ms | Allocations: 889)


Started GET "/api/v1/categories/index" for 127.0.0.1 at 2022-06-28 05:28:21 +0000
Processing by Api::V1::CategoriesController#index as */*
  [1m[36mCategorie Load (1.5ms)[0m  [1m[34mSELECT "categories".* FROM "categories" ORDER BY "categories"."created_at" DESC[0m
  ↳ app/controllers/api/v1/categories_controller.rb:4:in `index'
Completed 200 OK in 6ms (Views: 3.0ms | ActiveRecord: 1.5ms | Allocations: 1022)


Started GET "/api/v1/categories/index" for 127.0.0.1 at 2022-06-28 05:28:21 +0000
Processing by Api::V1::CategoriesController#index as */*
  [1m[36mCategorie Load (0.5ms)[0m  [1m[34mSELECT "categories".* FROM "categories" ORDER BY "categories"."created_at" DESC[0m
  ↳ app/controllers/api/v1/categories_controller.rb:4:in `index'
Completed 200 OK in 4ms (Views: 3.0ms | ActiveRecord: 0.5ms | Allocations: 769)


Started GET "/api/v1/categories/index" for 127.0.0.1 at 2022-06-28 05:32:09 +0000
Processing by Api::V1::CategoriesController#index as */*
  [1m[36mCategorie Load (7.7ms)[0m  [1m[34mSELECT "categories".* FROM "categories" ORDER BY "categories"."created_at" DESC[0m
  ↳ app/controllers/api/v1/categories_controller.rb:4:in `index'
Completed 200 OK in 69ms (Views: 4.5ms | ActiveRecord: 7.7ms | Allocations: 756)


Started GET "/api/v1/categories/index" for 127.0.0.1 at 2022-06-28 05:32:44 +0000
Processing by Api::V1::CategoriesController#index as HTML
  [1m[36mCategorie Load (0.7ms)[0m  [1m[34mSELECT "categories".* FROM "categories" ORDER BY "categories"."created_at" DESC[0m
  ↳ app/controllers/api/v1/categories_controller.rb:4:in `index'
Completed 200 OK in 7ms (Views: 4.2ms | ActiveRecord: 0.7ms | Allocations: 753)


Started GET "/categories" for 127.0.0.1 at 2022-06-28 05:33:24 +0000
Processing by CategoriesController#index as HTML
  Rendering layout layouts/application.html.erb
  Rendering categories/index.html.erb within layouts/application
  [1m[36mCategorie Load (1.3ms)[0m  [1m[34mSELECT "categories".* FROM "categories"[0m
  ↳ app/views/categories/index.html.erb:6
  Rendered categories/index.html.erb within layouts/application (Duration: 1211.6ms | Allocations: 1648)
  Rendered layout layouts/application.html.erb (Duration: 16224.9ms | Allocations: 36721)
Completed 200 OK in 17901ms (Views: 17479.0ms | ActiveRecord: 1.3ms | Allocations: 40072)


Started GET "/categories/new" for 127.0.0.1 at 2022-06-28 05:33:54 +0000
Processing by CategoriesController#new as HTML
  Rendering layout layouts/application.html.erb
  Rendering categories/new.html.erb within layouts/application
  Rendered categories/_form.html.erb (Duration: 968.3ms | Allocations: 4051)
  Rendered categories/new.html.erb within layouts/application (Duration: 1890.8ms | Allocations: 4438)
  Rendered layout layouts/application.html.erb (Duration: 1903.2ms | Allocations: 6760)
Completed 200 OK in 3280ms (Views: 1906.9ms | ActiveRecord: 1211.9ms | Allocations: 15990)


Started POST "/categories" for 127.0.0.1 at 2022-06-28 05:34:51 +0000
Processing by CategoriesController#create as TURBO_STREAM
  Parameters: {"authenticity_token"=>"[FILTERED]", "categorie"=>{"title"=>"code ", "description"=>"bal abjjkajk ezhjhzejfhjhjhjzfjh"}, "commit"=>"Create Categorie"}
Completed 400 Bad Request in 53ms (ActiveRecord: 0.0ms | Allocations: 920)


  
ActionController::ParameterMissing (param is missing or the value is empty: category
Did you mean?  categorie):
  
app/controllers/categories_controller.rb:68:in `category_params'
app/controllers/categories_controller.rb:24:in `create'
Started GET "/categories/new" for 127.0.0.1 at 2022-06-28 05:34:53 +0000
Processing by CategoriesController#new as HTML
  Rendering layout layouts/application.html.erb
  Rendering categories/new.html.erb within layouts/application
  Rendered categories/_form.html.erb (Duration: 4.9ms | Allocations: 1176)
  Rendered categories/new.html.erb within layouts/application (Duration: 5.5ms | Allocations: 1280)
  Rendered layout layouts/application.html.erb (Duration: 11.8ms | Allocations: 3601)
Completed 200 OK in 14ms (Views: 13.4ms | ActiveRecord: 0.0ms | Allocations: 3982)


Started GET "/categories/new" for 127.0.0.1 at 2022-06-28 05:50:09 +0000
  [1m[36mActiveRecord::SchemaMigration Pluck (12.4ms)[0m  [1m[34mSELECT "schema_migrations"."version" FROM "schema_migrations" ORDER BY "schema_migrations"."version" ASC[0m
Processing by CategoriesController#new as HTML
  Rendering layout layouts/application.html.erb
  Rendering categories/new.html.erb within layouts/application
  Rendered categories/_form.html.erb (Duration: 885.6ms | Allocations: 4298)
  Rendered categories/new.html.erb within layouts/application (Duration: 979.9ms | Allocations: 5039)
  Rendered layout layouts/application.html.erb (Duration: 16711.7ms | Allocations: 39827)
Completed 200 OK in 18852ms (Views: 16946.0ms | ActiveRecord: 145.0ms | Allocations: 52504)


Started GET "/categories/new" for 127.0.0.1 at 2022-06-28 05:54:44 +0000
Processing by CategoriesController#new as HTML
  Rendering layout layouts/application.html.erb
  Rendering categories/new.html.erb within layouts/application
  Rendered categories/_form.html.erb (Duration: 6.7ms | Allocations: 1099)
  Rendered categories/new.html.erb within layouts/application (Duration: 7.5ms | Allocations: 1209)
  Rendered layout layouts/application.html.erb (Duration: 38.8ms | Allocations: 3444)
Completed 200 OK in 41ms (Views: 40.1ms | ActiveRecord: 0.0ms | Allocations: 3861)


Started GET "/categories/new" for 127.0.0.1 at 2022-06-28 05:54:49 +0000
Processing by CategoriesController#new as HTML
  Rendering layout layouts/application.html.erb
  Rendering categories/new.html.erb within layouts/application
  Rendered categories/_form.html.erb (Duration: 8.2ms | Allocations: 952)
  Rendered categories/new.html.erb within layouts/application (Duration: 9.7ms | Allocations: 1054)
  Rendered layout layouts/application.html.erb (Duration: 21.4ms | Allocations: 3259)
Completed 200 OK in 27ms (Views: 24.9ms | ActiveRecord: 0.0ms | Allocations: 3602)


Started POST "/categories" for 127.0.0.1 at 2022-06-28 05:55:06 +0000
Processing by CategoriesController#create as TURBO_STREAM
  Parameters: {"authenticity_token"=>"[FILTERED]", "categorie"=>{"title"=>"code", "description"=>"bala bala bzehfkjhezf"}, "commit"=>"Create Categorie"}
  [1m[36mTRANSACTION (0.8ms)[0m  [1m[35mBEGIN[0m
  ↳ app/controllers/categories_controller.rb:27:in `block in create'
  [1m[36mCategorie Create (294.1ms)[0m  [1m[32mINSERT INTO "categories" ("title", "description", "created_at", "updated_at") VALUES ($1, $2, $3, $4) RETURNING "id"[0m  [["title", "code"], ["description", "bala bala bzehfkjhezf"], ["created_at", "2022-06-28 05:55:06.851851"], ["updated_at", "2022-06-28 05:55:06.851851"]]
  ↳ app/controllers/categories_controller.rb:27:in `block in create'
  [1m[36mTRANSACTION (66.2ms)[0m  [1m[35mCOMMIT[0m
  ↳ app/controllers/categories_controller.rb:27:in `block in create'
Completed 500 Internal Server Error in 449ms (ActiveRecord: 361.1ms | Allocations: 6641)


  
NoMethodError (undefined method `categorie_url' for #<CategoriesController:0x0000000000cb70>
Did you mean?  categories_url
               category_url):
  
app/controllers/categories_controller.rb:28:in `block (2 levels) in create'
app/controllers/categories_controller.rb:26:in `create'
Started GET "/" for 127.0.0.1 at 2022-06-28 10:36:45 +0000
  [1m[36mActiveRecord::SchemaMigration Pluck (3.4ms)[0m  [1m[34mSELECT "schema_migrations"."version" FROM "schema_migrations" ORDER BY "schema_migrations"."version" ASC[0m
Processing by CategoriesController#index as HTML
  Rendering layout layouts/application.html.erb
  Rendering categories/index.html.erb within layouts/application
  [1m[36mCategorie Load (13.3ms)[0m  [1m[34mSELECT "categories".* FROM "categories"[0m
  ↳ app/views/categories/index.html.erb:6
  Rendered categories/_categorie.html.erb (Duration: 54.8ms | Allocations: 280)
  Rendered categories/index.html.erb within layouts/application (Duration: 600.1ms | Allocations: 6969)
  Rendered layout layouts/application.html.erb (Duration: 693.7ms | Allocations: 41151)
Completed 200 OK in 839ms (Views: 333.0ms | ActiveRecord: 373.2ms | Allocations: 49687)


Started GET "/categories/1" for 127.0.0.1 at 2022-06-28 10:36:55 +0000
Processing by CategoriesController#show as HTML
  Parameters: {"id"=>"1"}
  [1m[36mCategorie Load (0.5ms)[0m  [1m[34mSELECT "categories".* FROM "categories" WHERE "categories"."id" = $1 LIMIT $2[0m  [["id", 1], ["LIMIT", 1]]
  ↳ app/controllers/categories_controller.rb:63:in `set_categorie'
  Rendering layout layouts/application.html.erb
  Rendering categories/show.html.erb within layouts/application
  Rendered categories/show.html.erb within layouts/application (Duration: 21.9ms | Allocations: 2205)
  Rendered layout layouts/application.html.erb (Duration: 22.4ms | Allocations: 2297)
Completed 500 Internal Server Error in 99ms (ActiveRecord: 1.1ms | Allocations: 5429)


  
ActionView::Template::Error ('nil' is not an ActiveModel-compatible object. It must implement :to_partial_path.):
    1: <p style="color: green"><%= notice %></p>
    2: 
    3: <%= render @category %>
    4: 
    5: <div>
    6:   <%= link_to "Edit this categorie", edit_category_path(@category) %> |
  
app/views/categories/show.html.erb:3
Started GET "/" for 127.0.0.1 at 2022-06-28 10:39:19 +0000
Processing by CategoriesController#index as HTML
  Rendering layout layouts/application.html.erb
  Rendering categories/index.html.erb within layouts/application
  [1m[36mCategorie Load (0.8ms)[0m  [1m[34mSELECT "categories".* FROM "categories"[0m
  ↳ app/views/categories/index.html.erb:6
  Rendered categories/_categorie.html.erb (Duration: 0.2ms | Allocations: 27)
  Rendered categories/index.html.erb within layouts/application (Duration: 8.6ms | Allocations: 1096)
  Rendered layout layouts/application.html.erb (Duration: 17.1ms | Allocations: 3441)
Completed 200 OK in 20ms (Views: 17.9ms | ActiveRecord: 0.8ms | Allocations: 3827)


Started GET "/categories/new" for 127.0.0.1 at 2022-06-28 10:39:21 +0000
Processing by CategoriesController#new as HTML
  Rendering layout layouts/application.html.erb
  Rendering categories/new.html.erb within layouts/application
  Rendered categories/_form.html.erb (Duration: 76.0ms | Allocations: 11272)
  Rendered categories/new.html.erb within layouts/application (Duration: 79.1ms | Allocations: 11605)
  Rendered layout layouts/application.html.erb (Duration: 85.0ms | Allocations: 13923)
Completed 200 OK in 89ms (Views: 86.6ms | ActiveRecord: 0.0ms | Allocations: 14384)


Started POST "/categories" for 127.0.0.1 at 2022-06-28 10:39:49 +0000
Processing by CategoriesController#create as TURBO_STREAM
  Parameters: {"authenticity_token"=>"[FILTERED]", "categorie"=>{"title"=>"programmation", "description"=>"bala bala bala bala "}, "commit"=>"Create Categorie"}
  [1m[36mTRANSACTION (0.6ms)[0m  [1m[35mBEGIN[0m
  ↳ app/controllers/categories_controller.rb:27:in `block in create'
  [1m[36mCategorie Create (54.1ms)[0m  [1m[32mINSERT INTO "categories" ("title", "description", "created_at", "updated_at") VALUES ($1, $2, $3, $4) RETURNING "id"[0m  [["title", "programmation"], ["description", "bala bala bala bala "], ["created_at", "2022-06-28 10:39:49.361964"], ["updated_at", "2022-06-28 10:39:49.361964"]]
  ↳ app/controllers/categories_controller.rb:27:in `block in create'
  [1m[36mTRANSACTION (9.3ms)[0m  [1m[35mCOMMIT[0m
  ↳ app/controllers/categories_controller.rb:27:in `block in create'
Redirected to http://127.0.0.1:5000/categories.2
Completed 302 Found in 90ms (ActiveRecord: 64.1ms | Allocations: 3818)


Started GET "/categories.2" for 127.0.0.1 at 2022-06-28 10:39:49 +0000
Processing by CategoriesController#index as */*
  Rendering layout layouts/application.html.erb
  Rendering categories/index.html.erb within layouts/application
  [1m[36mCategorie Load (1.2ms)[0m  [1m[34mSELECT "categories".* FROM "categories"[0m
  ↳ app/views/categories/index.html.erb:6
  Rendered categories/_categorie.html.erb (Duration: 0.3ms | Allocations: 26)
  Rendered categories/_categorie.html.erb (Duration: 0.3ms | Allocations: 22)
  Rendered categories/index.html.erb within layouts/application (Duration: 11.0ms | Allocations: 1147)
  Rendered layout layouts/application.html.erb (Duration: 27.2ms | Allocations: 3468)
Completed 200 OK in 32ms (Views: 29.0ms | ActiveRecord: 1.2ms | Allocations: 3882)


Started GET "/categories.2" for 127.0.0.1 at 2022-06-28 10:39:49 +0000
Processing by CategoriesController#index as */*
  Rendering layout layouts/application.html.erb
  Rendering categories/index.html.erb within layouts/application
  [1m[36mCategorie Load (0.7ms)[0m  [1m[34mSELECT "categories".* FROM "categories"[0m
  ↳ app/views/categories/index.html.erb:6
  Rendered categories/_categorie.html.erb (Duration: 0.5ms | Allocations: 23)
  Rendered categories/_categorie.html.erb (Duration: 0.4ms | Allocations: 22)
  Rendered categories/index.html.erb within layouts/application (Duration: 10.7ms | Allocations: 1058)
  Rendered layout layouts/application.html.erb (Duration: 21.3ms | Allocations: 3275)
Completed 200 OK in 25ms (Views: 22.5ms | ActiveRecord: 0.7ms | Allocations: 3624)


Started GET "/api/v1/categories/index" for 127.0.0.1 at 2022-06-28 10:41:04 +0000
Started GET "/api/v1/categories/index" for 127.0.0.1 at 2022-06-28 10:41:04 +0000
Processing by Api::V1::CategoriesController#index as */*
Processing by Api::V1::CategoriesController#index as */*
  [1m[36mCategorie Load (147.0ms)[0m  [1m[34mSELECT "categories".* FROM "categories" ORDER BY "categories"."created_at" DESC[0m
  ↳ app/controllers/api/v1/categories_controller.rb:4:in `index'
Completed 200 OK in 266ms (Views: 10.7ms | ActiveRecord: 147.0ms | Allocations: 2415)


  [1m[36mCategorie Load (3.9ms)[0m  [1m[34mSELECT "categories".* FROM "categories" ORDER BY "categories"."created_at" DESC[0m
  ↳ app/controllers/api/v1/categories_controller.rb:4:in `index'
Completed 200 OK in 392ms (Views: 8.0ms | ActiveRecord: 113.2ms | Allocations: 5644)


Started GET "/api/v1/categories/index" for 127.0.0.1 at 2022-06-28 11:27:33 +0000
Started GET "/api/v1/categories/index" for 127.0.0.1 at 2022-06-28 11:27:33 +0000
Processing by Api::V1::CategoriesController#index as */*
Processing by Api::V1::CategoriesController#index as */*
  [1m[36mCategorie Load (422.5ms)[0m  [1m[34mSELECT "categories".* FROM "categories" ORDER BY "categories"."created_at" DESC[0m
  [1m[36mCategorie Load (424.0ms)[0m  [1m[34mSELECT "categories".* FROM "categories" ORDER BY "categories"."created_at" DESC[0m
  ↳ app/controllers/api/v1/categories_controller.rb:4:in `index'
  ↳ app/controllers/api/v1/categories_controller.rb:4:in `index'
Completed 200 OK in 69605ms (Views: 1541.8ms | ActiveRecord: 4013.3ms | Allocations: 7997)


Completed 200 OK in 69707ms (Views: 1577.2ms | ActiveRecord: 3558.2ms | Allocations: 7901)


